<?xml version="1.0" encoding="UTF-8"?>
<!-- Generated by org.testng.reporters.JUnitXMLReporter -->
<testsuite ignored="0" hostname="LAPTOP-3FC1F8QA" failures="0" tests="3" name="Default test" time="0.536" errors="0" timestamp="2024-02-26T19:46:50 IST">
  <testcase classname="excelwork.Excel_data" name="testLogin" time="0.006"/>
  <testcase classname="excelwork.Excel_data" name="testLogin" time="0.001"/>
  <testcase classname="excelwork.Excel_data" name="testLogin" time="0.002"/>
</testsuite> <!-- Default test -->
