<?xml version="1.0" encoding="UTF-8"?>
<!-- Generated by org.testng.reporters.JUnitXMLReporter -->
<testsuite ignored="0" hostname="LAPTOP-3FC1F8QA" failures="2" tests="5" name="Test" time="67.407" errors="0" timestamp="2024-02-26T13:33:08 IST">
  <testcase classname="screencapture.Screenshot" name="loginTest" time="7.108">
    <failure type="java.lang.AssertionError" message="expected:&amp;lt;Inicio de sesión&amp;gt; but was:&amp;lt;Home&amp;gt;">
      <![CDATA[java.lang.AssertionError: expected:<Inicio de sesión> but was:<Home>
at screencapture.Screenshot.loginTest(Screenshot.java:71)
at java.base/java.util.ArrayList.forEach(ArrayList.java:1511)
... Removed 27 stack frames]]>
    </failure>
  </testcase> <!-- loginTest -->
  <testcase classname="homepage.Homepage_false" name="openURL" time="1.216">
    <failure type="java.lang.AssertionError" message="expected:&amp;lt;HTTP Status 404 – Not Found&amp;gt; but was:&amp;lt;Inicio&amp;gt;">
      <![CDATA[java.lang.AssertionError: expected:<HTTP Status 404 – Not Found> but was:<Inicio>
at homepage.Homepage_false.openURL(Homepage_false.java:36)
at java.base/java.util.ArrayList.forEach(ArrayList.java:1511)
... Removed 27 stack frames]]>
    </failure>
  </testcase> <!-- openURL -->
  <testcase classname="login_one.Login_false" name="testLogin" time="18.818"/>
  <testcase classname="homepage.Homepage_true" name="openURL" time="4.138"/>
  <testcase classname="login_one.Login_true" name="testLogin" time="19.195"/>
</testsuite> <!-- Test -->
