<?xml version="1.0" encoding="UTF-8"?>
<testng-results ignored="0" total="3" passed="3" failed="0" skipped="0">
  <reporter-output>
  </reporter-output>
  <suite started-at="2024-02-26T19:46:50 IST" name="Default suite" finished-at="2024-02-26T19:46:50 IST" duration-ms="536">
    <groups>
    </groups>
    <test started-at="2024-02-26T19:46:50 IST" name="Default test" finished-at="2024-02-26T19:46:50 IST" duration-ms="536">
      <class name="excelwork.Excel_data">
        <test-method signature="testLogin(java.lang.String,java.lang.String)[pri:0, instance:excelwork.Excel_data@4802796d]" started-at="2024-02-26T19:46:50 IST" name="testLogin" data-provider="loginData" finished-at="2024-02-26T19:46:50 IST" duration-ms="6" status="PASS">
          <params>
            <param index="0">
              <value>
                <![CDATA[admin]]>
              </value>
            </param>
            <param index="1">
              <value>
                <![CDATA[Admin123]]>
              </value>
            </param>
          </params>
          <reporter-output>
          </reporter-output>
        </test-method> <!-- testLogin -->
        <test-method signature="testLogin(java.lang.String,java.lang.String)[pri:0, instance:excelwork.Excel_data@4802796d]" started-at="2024-02-26T19:46:50 IST" name="testLogin" data-provider="loginData" finished-at="2024-02-26T19:46:50 IST" duration-ms="1" status="PASS">
          <params>
            <param index="0">
              <value>
                <![CDATA[admin]]>
              </value>
            </param>
            <param index="1">
              <value>
                <![CDATA[Admin123]]>
              </value>
            </param>
          </params>
          <reporter-output>
          </reporter-output>
        </test-method> <!-- testLogin -->
        <test-method signature="testLogin(java.lang.String,java.lang.String)[pri:0, instance:excelwork.Excel_data@4802796d]" started-at="2024-02-26T19:46:50 IST" name="testLogin" data-provider="loginData" finished-at="2024-02-26T19:46:50 IST" duration-ms="2" status="PASS">
          <params>
            <param index="0">
              <value>
                <![CDATA[admin]]>
              </value>
            </param>
            <param index="1">
              <value>
                <![CDATA[Admin123]]>
              </value>
            </param>
          </params>
          <reporter-output>
          </reporter-output>
        </test-method> <!-- testLogin -->
      </class> <!-- excelwork.Excel_data -->
    </test> <!-- Default test -->
  </suite> <!-- Default suite -->
</testng-results>
